# JRE version: OpenJDK Runtime Environment (11.0.12+7) (build 11.0.12+7-b1504.28-7817840)
# Java VM: OpenJDK 64-Bit Server VM (11.0.12+7-b1504.28-7817840, mixed mode, tiered, compressed oops, g1 gc, windows-amd64)
Heap:
 garbage-first heap   total 420864K, used 290845K [0x0000000080000000, 0x0000000100000000)
  region size 1024K, 81 young (82944K), 4 survivors (4096K)
 Metaspace       used 150847K, capacity 155773K, committed 156108K, reserved 1187840K
  class space    used 18560K, capacity 20295K, committed 20428K, reserved 1048576K
GC Heap History (20 events):
Event: 990.496 GC heap before
{Heap before GC invocations=114 (full 0):
 garbage-first heap   total 312320K, used 282384K [0x0000000080000000, 0x0000000100000000)
  region size 1024K, 15 young (15360K), 2 survivors (2048K)
 Metaspace       used 139913K, capacity 144238K, committed 144460K, reserved 1175552K
  class space    used 17205K, capacity 18725K, committed 18764K, reserved 1048576K
}
Event: 990.507 GC heap after
{Heap after GC invocations=115 (full 0):
 garbage-first heap   total 312320K, used 273408K [0x0000000080000000, 0x0000000100000000)
  region size 1024K, 2 young (2048K), 2 survivors (2048K)
 Metaspace       used 139913K, capacity 144238K, committed 144460K, reserved 1175552K
  class space    used 17205K, capacity 18725K, committed 18764K, reserved 1048576K
}
Event: 990.640 GC heap before
{Heap before GC invocations=115 (full 0):
 garbage-first heap   total 312320K, used 285696K [0x0000000080000000, 0x0000000100000000)
  region size 1024K, 15 young (15360K), 2 survivors (2048K)
 Metaspace       used 140888K, capacity 145259K, committed 145356K, reserved 1175552K
  class space    used 17352K, capacity 18875K, committed 18892K, reserved 1048576K
}
Event: 990.650 GC heap after
{Heap after GC invocations=116 (full 0):
 garbage-first heap   total 312320K, used 275838K [0x0000000080000000, 0x0000000100000000)
  region size 1024K, 2 young (2048K), 2 survivors (2048K)
 Metaspace       used 140888K, capacity 145259K, committed 145356K, reserved 1175552K
  class space    used 17352K, capacity 18875K, committed 18892K, reserved 1048576K
}
Event: 990.927 GC heap before
{Heap before GC invocations=116 (full 0):
 garbage-first heap   total 312320K, used 289150K [0x0000000080000000, 0x0000000100000000)
  region size 1024K, 15 young (15360K), 2 survivors (2048K)
 Metaspace       used 142486K, capacity 147046K, committed 147276K, reserved 1177600K
  class space    used 17569K, capacity 19163K, committed 19276K, reserved 1048576K
}
Event: 990.937 GC heap after
{Heap after GC invocations=117 (full 0):
 garbage-first heap   total 312320K, used 277201K [0x0000000080000000, 0x0000000100000000)
  region size 1024K, 2 young (2048K), 2 survivors (2048K)
 Metaspace       used 142486K, capacity 147046K, committed 147276K, reserved 1177600K
  class space    used 17569K, capacity 19163K, committed 19276K, reserved 1048576K
}
Event: 991.461 GC heap before
{Heap before GC invocations=118 (full 0):
 garbage-first heap   total 312320K, used 264913K [0x0000000080000000, 0x0000000100000000)
  region size 1024K, 15 young (15360K), 2 survivors (2048K)
 Metaspace       used 144805K, capacity 149348K, committed 149708K, reserved 1179648K
  class space    used 17916K, capacity 19517K, committed 19660K, reserved 1048576K
}
Event: 991.468 GC heap after
{Heap after GC invocations=119 (full 0):
 garbage-first heap   total 312320K, used 252094K [0x0000000080000000, 0x0000000100000000)
  region size 1024K, 2 young (2048K), 2 survivors (2048K)
 Metaspace       used 144805K, capacity 149348K, committed 149708K, reserved 1179648K
  class space    used 17916K, capacity 19517K, committed 19660K, reserved 1048576K
}
Event: 991.689 GC heap before
{Heap before GC invocations=119 (full 0):
 garbage-first heap   total 312320K, used 265406K [0x0000000080000000, 0x0000000100000000)
  region size 1024K, 15 young (15360K), 2 survivors (2048K)
 Metaspace       used 145224K, capacity 149763K, committed 149964K, reserved 1179648K
  class space    used 17935K, capacity 19525K, committed 19660K, reserved 1048576K
}
Event: 991.699 GC heap after
{Heap after GC invocations=120 (full 0):
 garbage-first heap   total 312320K, used 223228K [0x0000000080000000, 0x0000000100000000)
  region size 1024K, 2 young (2048K), 2 survivors (2048K)
 Metaspace       used 145224K, capacity 149763K, committed 149964K, reserved 1179648K
  class space    used 17935K, capacity 19525K, committed 19660K, reserved 1048576K
}
Event: 992.002 GC heap before
{Heap before GC invocations=120 (full 0):
 garbage-first heap   total 312320K, used 235516K [0x0000000080000000, 0x0000000100000000)
  region size 1024K, 15 young (15360K), 2 survivors (2048K)
 Metaspace       used 145980K, capacity 150520K, committed 150732K, reserved 1179648K
  class space    used 17978K, capacity 19602K, committed 19660K, reserved 1048576K
}
Event: 992.025 GC heap after
{Heap after GC invocations=121 (full 0):
 garbage-first heap   total 312320K, used 206892K [0x0000000080000000, 0x0000000100000000)
  region size 1024K, 2 young (2048K), 2 survivors (2048K)
 Metaspace       used 145980K, capacity 150520K, committed 150732K, reserved 1179648K
  class space    used 17978K, capacity 19602K, committed 19660K, reserved 1048576K
}
Event: 992.756 GC heap before
{Heap before GC invocations=121 (full 0):
 garbage-first heap   total 312320K, used 239660K [0x0000000080000000, 0x0000000100000000)
  region size 1024K, 34 young (34816K), 2 survivors (2048K)
 Metaspace       used 146644K, capacity 151208K, committed 151372K, reserved 1181696K
  class space    used 18031K, capacity 19653K, committed 19788K, reserved 1048576K
}
Event: 992.769 GC heap after
{Heap after GC invocations=122 (full 0):
 garbage-first heap   total 312320K, used 208639K [0x0000000080000000, 0x0000000100000000)
  region size 1024K, 3 young (3072K), 3 survivors (3072K)
 Metaspace       used 146644K, capacity 151208K, committed 151372K, reserved 1181696K
  class space    used 18031K, capacity 19653K, committed 19788K, reserved 1048576K
}
Event: 993.399 GC heap before
{Heap before GC invocations=122 (full 0):
 garbage-first heap   total 312320K, used 244479K [0x0000000080000000, 0x0000000100000000)
  region size 1024K, 38 young (38912K), 3 survivors (3072K)
 Metaspace       used 147845K, capacity 152555K, committed 152780K, reserved 1181696K
  class space    used 18182K, capacity 19860K, committed 19916K, reserved 1048576K
}
Event: 993.411 GC heap after
{Heap after GC invocations=123 (full 0):
 garbage-first heap   total 312320K, used 210332K [0x0000000080000000, 0x0000000100000000)
  region size 1024K, 4 young (4096K), 4 survivors (4096K)
 Metaspace       used 147845K, capacity 152555K, committed 152780K, reserved 1181696K
  class space    used 18182K, capacity 19860K, committed 19916K, reserved 1048576K
}
Event: 994.120 GC heap before
{Heap before GC invocations=123 (full 0):
 garbage-first heap   total 312320K, used 248220K [0x0000000080000000, 0x0000000100000000)
  region size 1024K, 40 young (40960K), 4 survivors (4096K)
 Metaspace       used 148906K, capacity 153673K, committed 153932K, reserved 1183744K
  class space    used 18289K, capacity 19975K, committed 20044K, reserved 1048576K
}
Event: 994.131 GC heap after
{Heap after GC invocations=124 (full 0):
 garbage-first heap   total 312320K, used 211845K [0x0000000080000000, 0x0000000100000000)
  region size 1024K, 4 young (4096K), 4 survivors (4096K)
 Metaspace       used 148906K, capacity 153673K, committed 153932K, reserved 1183744K
  class space    used 18289K, capacity 19975K, committed 20044K, reserved 1048576K
}
Event: 994.645 GC heap before
{Heap before GC invocations=124 (full 0):
 garbage-first heap   total 312320K, used 250757K [0x0000000080000000, 0x0000000100000000)
  region size 1024K, 43 young (44032K), 4 survivors (4096K)
 Metaspace       used 149000K, capacity 153763K, committed 153932K, reserved 1183744K
  class space    used 18294K, capacity 19982K, committed 20044K, reserved 1048576K
}
Event: 994.654 GC heap after
{Heap after GC invocations=125 (full 0):
 garbage-first heap   total 420864K, used 211997K [0x0000000080000000, 0x0000000100000000)
  region size 1024K, 4 young (4096K), 4 survivors (4096K)
 Metaspace       used 149000K, capacity 153763K, committed 153932K, reserved 1183744K
  class space    used 18294K, capacity 19982K, committed 20044K, reserved 1048576K
}

