# JRE version: OpenJDK Runtime Environment (11.0.12+7) (build 11.0.12+7-b1504.28-7817840)
# Java VM: OpenJDK 64-Bit Server VM (11.0.12+7-b1504.28-7817840, mixed mode, tiered, compressed oops, g1 gc, windows-amd64)
Heap:
 garbage-first heap   total 157696K, used 94729K [0x0000000080000000, 0x0000000100000000)
  region size 1024K, 15 young (15360K), 3 survivors (3072K)
 Metaspace       used 72677K, capacity 74732K, committed 75032K, reserved 1114112K
  class space    used 9368K, capacity 10023K, committed 10112K, reserved 1048576K
GC Heap History (20 events):
Event: 7.445 GC heap before
{Heap before GC invocations=8 (full 0):
 garbage-first heap   total 131072K, used 65457K [0x0000000080000000, 0x0000000100000000)
  region size 1024K, 38 young (38912K), 7 survivors (7168K)
 Metaspace       used 34891K, capacity 35782K, committed 35840K, reserved 1081344K
  class space    used 4648K, capacity 4989K, committed 4992K, reserved 1048576K
}
Event: 7.466 GC heap after
{Heap after GC invocations=9 (full 0):
 garbage-first heap   total 131072K, used 36871K [0x0000000080000000, 0x0000000100000000)
  region size 1024K, 2 young (2048K), 2 survivors (2048K)
 Metaspace       used 34891K, capacity 35782K, committed 35840K, reserved 1081344K
  class space    used 4648K, capacity 4989K, committed 4992K, reserved 1048576K
}
Event: 9.219 GC heap before
{Heap before GC invocations=10 (full 0):
 garbage-first heap   total 131072K, used 84999K [0x0000000080000000, 0x0000000100000000)
  region size 1024K, 47 young (48128K), 2 survivors (2048K)
 Metaspace       used 40949K, capacity 42004K, committed 42240K, reserved 1085440K
  class space    used 5212K, capacity 5588K, committed 5632K, reserved 1048576K
}
Event: 9.229 GC heap after
{Heap after GC invocations=11 (full 0):
 garbage-first heap   total 157696K, used 41447K [0x0000000080000000, 0x0000000100000000)
  region size 1024K, 6 young (6144K), 6 survivors (6144K)
 Metaspace       used 40949K, capacity 42004K, committed 42240K, reserved 1085440K
  class space    used 5212K, capacity 5588K, committed 5632K, reserved 1048576K
}
Event: 11.841 GC heap before
{Heap before GC invocations=11 (full 0):
 garbage-first heap   total 157696K, used 99815K [0x0000000080000000, 0x0000000100000000)
  region size 1024K, 60 young (61440K), 6 survivors (6144K)
 Metaspace       used 44652K, capacity 45869K, committed 45952K, reserved 1089536K
  class space    used 5760K, capacity 6227K, committed 6272K, reserved 1048576K
}
Event: 11.852 GC heap after
{Heap after GC invocations=12 (full 0):
 garbage-first heap   total 157696K, used 49247K [0x0000000080000000, 0x0000000100000000)
  region size 1024K, 8 young (8192K), 8 survivors (8192K)
 Metaspace       used 44652K, capacity 45869K, committed 45952K, reserved 1089536K
  class space    used 5760K, capacity 6227K, committed 6272K, reserved 1048576K
}
Event: 13.057 GC heap before
{Heap before GC invocations=12 (full 0):
 garbage-first heap   total 157696K, used 109663K [0x0000000080000000, 0x0000000100000000)
  region size 1024K, 62 young (63488K), 8 survivors (8192K)
 Metaspace       used 47883K, capacity 49288K, committed 49408K, reserved 1091584K
  class space    used 6138K, capacity 6599K, committed 6656K, reserved 1048576K
}
Event: 13.076 GC heap after
{Heap after GC invocations=13 (full 0):
 garbage-first heap   total 157696K, used 57757K [0x0000000080000000, 0x0000000100000000)
  region size 1024K, 8 young (8192K), 8 survivors (8192K)
 Metaspace       used 47883K, capacity 49288K, committed 49408K, reserved 1091584K
  class space    used 6138K, capacity 6599K, committed 6656K, reserved 1048576K
}
Event: 14.269 GC heap before
{Heap before GC invocations=13 (full 0):
 garbage-first heap   total 157696K, used 112029K [0x0000000080000000, 0x0000000100000000)
  region size 1024K, 61 young (62464K), 8 survivors (8192K)
 Metaspace       used 51280K, capacity 52814K, committed 52992K, reserved 1095680K
  class space    used 6623K, capacity 7110K, committed 7168K, reserved 1048576K
}
Event: 14.282 GC heap after
{Heap after GC invocations=14 (full 0):
 garbage-first heap   total 157696K, used 60832K [0x0000000080000000, 0x0000000100000000)
  region size 1024K, 3 young (3072K), 3 survivors (3072K)
 Metaspace       used 51280K, capacity 52814K, committed 52992K, reserved 1095680K
  class space    used 6623K, capacity 7110K, committed 7168K, reserved 1048576K
}
Event: 15.814 GC heap before
{Heap before GC invocations=14 (full 0):
 garbage-first heap   total 157696K, used 118176K [0x0000000080000000, 0x0000000100000000)
  region size 1024K, 56 young (57344K), 3 survivors (3072K)
 Metaspace       used 54589K, capacity 56205K, committed 56320K, reserved 1097728K
  class space    used 7137K, capacity 7660K, committed 7680K, reserved 1048576K
}
Event: 15.823 GC heap after
{Heap after GC invocations=15 (full 0):
 garbage-first heap   total 157696K, used 72704K [0x0000000080000000, 0x0000000100000000)
  region size 1024K, 7 young (7168K), 7 survivors (7168K)
 Metaspace       used 54589K, capacity 56205K, committed 56320K, reserved 1097728K
  class space    used 7137K, capacity 7660K, committed 7680K, reserved 1048576K
}
Event: 16.954 GC heap before
{Heap before GC invocations=15 (full 0):
 garbage-first heap   total 157696K, used 104448K [0x0000000080000000, 0x0000000100000000)
  region size 1024K, 39 young (39936K), 7 survivors (7168K)
 Metaspace       used 58417K, capacity 60090K, committed 60160K, reserved 1101824K
  class space    used 7574K, capacity 8124K, committed 8192K, reserved 1048576K
}
Event: 16.965 GC heap after
{Heap after GC invocations=16 (full 0):
 garbage-first heap   total 157696K, used 75876K [0x0000000080000000, 0x0000000100000000)
  region size 1024K, 3 young (3072K), 3 survivors (3072K)
 Metaspace       used 58417K, capacity 60090K, committed 60160K, reserved 1101824K
  class space    used 7574K, capacity 8124K, committed 8192K, reserved 1048576K
}
Event: 17.915 GC heap before
{Heap before GC invocations=17 (full 0):
 garbage-first heap   total 157696K, used 117860K [0x0000000080000000, 0x0000000100000000)
  region size 1024K, 44 young (45056K), 3 survivors (3072K)
 Metaspace       used 64395K, capacity 66203K, committed 66456K, reserved 1107968K
  class space    used 8318K, capacity 8876K, committed 8960K, reserved 1048576K
}
Event: 17.922 GC heap after
{Heap after GC invocations=18 (full 0):
 garbage-first heap   total 157696K, used 76744K [0x0000000080000000, 0x0000000100000000)
  region size 1024K, 4 young (4096K), 4 survivors (4096K)
 Metaspace       used 64395K, capacity 66203K, committed 66456K, reserved 1107968K
  class space    used 8318K, capacity 8876K, committed 8960K, reserved 1048576K
}
Event: 19.117 GC heap before
{Heap before GC invocations=19 (full 0):
 garbage-first heap   total 157696K, used 118728K [0x0000000080000000, 0x0000000100000000)
  region size 1024K, 46 young (47104K), 4 survivors (4096K)
 Metaspace       used 69342K, capacity 71186K, committed 71448K, reserved 1112064K
  class space    used 8938K, capacity 9578K, committed 9600K, reserved 1048576K
}
Event: 19.126 GC heap after
{Heap after GC invocations=20 (full 0):
 garbage-first heap   total 157696K, used 80386K [0x0000000080000000, 0x0000000100000000)
  region size 1024K, 5 young (5120K), 5 survivors (5120K)
 Metaspace       used 69342K, capacity 71186K, committed 71448K, reserved 1112064K
  class space    used 8938K, capacity 9578K, committed 9600K, reserved 1048576K
}
Event: 19.993 GC heap before
{Heap before GC invocations=20 (full 0):
 garbage-first heap   total 157696K, used 111106K [0x0000000080000000, 0x0000000100000000)
  region size 1024K, 36 young (36864K), 5 survivors (5120K)
 Metaspace       used 71789K, capacity 73757K, committed 73880K, reserved 1114112K
  class space    used 9248K, capacity 9918K, committed 9984K, reserved 1048576K
}
Event: 20.002 GC heap after
{Heap after GC invocations=21 (full 0):
 garbage-first heap   total 157696K, used 82441K [0x0000000080000000, 0x0000000100000000)
  region size 1024K, 3 young (3072K), 3 survivors (3072K)
 Metaspace       used 71789K, capacity 73757K, committed 73880K, reserved 1114112K
  class space    used 9248K, capacity 9918K, committed 9984K, reserved 1048576K
}

