# JRE version: OpenJDK Runtime Environment (11.0.12+7) (build 11.0.12+7-b1504.28-7817840)
# Java VM: OpenJDK 64-Bit Server VM (11.0.12+7-b1504.28-7817840, mixed mode, tiered, compressed oops, g1 gc, windows-amd64)
Heap:
 garbage-first heap   total 515072K, used 197632K [0x0000000080000000, 0x0000000100000000)
  region size 1024K, 4 young (4096K), 4 survivors (4096K)
 Metaspace       used 124739K, capacity 128765K, committed 128844K, reserved 1161216K
  class space    used 15616K, capacity 16959K, committed 17024K, reserved 1048576K
GC Heap History (20 events):
Event: 1186.905 GC heap after
{Heap after GC invocations=98 (full 0):
 garbage-first heap   total 227328K, used 187041K [0x0000000080000000, 0x0000000100000000)
  region size 1024K, 2 young (2048K), 2 survivors (2048K)
 Metaspace       used 123082K, capacity 127040K, committed 127180K, reserved 1159168K
  class space    used 15473K, capacity 16835K, committed 16896K, reserved 1048576K
}
Event: 1187.073 GC heap before
{Heap before GC invocations=98 (full 0):
 garbage-first heap   total 227328K, used 198305K [0x0000000080000000, 0x0000000100000000)
  region size 1024K, 14 young (14336K), 2 survivors (2048K)
 Metaspace       used 123112K, capacity 127040K, committed 127180K, reserved 1159168K
  class space    used 15473K, capacity 16835K, committed 16896K, reserved 1048576K
}
Event: 1187.084 GC heap after
{Heap after GC invocations=99 (full 0):
 garbage-first heap   total 227328K, used 189428K [0x0000000080000000, 0x0000000100000000)
  region size 1024K, 2 young (2048K), 2 survivors (2048K)
 Metaspace       used 123112K, capacity 127040K, committed 127180K, reserved 1159168K
  class space    used 15473K, capacity 16835K, committed 16896K, reserved 1048576K
}
Event: 1187.203 GC heap before
{Heap before GC invocations=99 (full 0):
 garbage-first heap   total 227328K, used 199668K [0x0000000080000000, 0x0000000100000000)
  region size 1024K, 12 young (12288K), 2 survivors (2048K)
 Metaspace       used 123120K, capacity 127040K, committed 127180K, reserved 1159168K
  class space    used 15473K, capacity 16835K, committed 16896K, reserved 1048576K
}
Event: 1187.219 GC heap after
{Heap after GC invocations=100 (full 0):
 garbage-first heap   total 227328K, used 192818K [0x0000000080000000, 0x0000000100000000)
  region size 1024K, 2 young (2048K), 2 survivors (2048K)
 Metaspace       used 123120K, capacity 127040K, committed 127180K, reserved 1159168K
  class space    used 15473K, capacity 16835K, committed 16896K, reserved 1048576K
}
Event: 1187.339 GC heap before
{Heap before GC invocations=100 (full 0):
 garbage-first heap   total 227328K, used 202034K [0x0000000080000000, 0x0000000100000000)
  region size 1024K, 11 young (11264K), 2 survivors (2048K)
 Metaspace       used 123180K, capacity 127104K, committed 127180K, reserved 1159168K
  class space    used 15473K, capacity 16835K, committed 16896K, reserved 1048576K
}
Event: 1187.350 GC heap after
{Heap after GC invocations=101 (full 0):
 garbage-first heap   total 227328K, used 195149K [0x0000000080000000, 0x0000000100000000)
  region size 1024K, 2 young (2048K), 2 survivors (2048K)
 Metaspace       used 123180K, capacity 127104K, committed 127180K, reserved 1159168K
  class space    used 15473K, capacity 16835K, committed 16896K, reserved 1048576K
}
Event: 1187.381 GC heap before
{Heap before GC invocations=101 (full 0):
 garbage-first heap   total 227328K, used 197197K [0x0000000080000000, 0x0000000100000000)
  region size 1024K, 6 young (6144K), 2 survivors (2048K)
 Metaspace       used 123181K, capacity 127104K, committed 127180K, reserved 1159168K
  class space    used 15473K, capacity 16835K, committed 16896K, reserved 1048576K
}
Event: 1187.404 GC heap after
{Heap after GC invocations=102 (full 0):
 garbage-first heap   total 227328K, used 196953K [0x0000000080000000, 0x0000000100000000)
  region size 1024K, 2 young (2048K), 2 survivors (2048K)
 Metaspace       used 123181K, capacity 127104K, committed 127180K, reserved 1159168K
  class space    used 15473K, capacity 16835K, committed 16896K, reserved 1048576K
}
Event: 1187.485 GC heap before
{Heap before GC invocations=102 (full 0):
 garbage-first heap   total 227328K, used 208217K [0x0000000080000000, 0x0000000100000000)
  region size 1024K, 11 young (11264K), 2 survivors (2048K)
 Metaspace       used 123181K, capacity 127104K, committed 127180K, reserved 1159168K
  class space    used 15473K, capacity 16835K, committed 16896K, reserved 1048576K
}
Event: 1187.494 GC heap after
{Heap after GC invocations=103 (full 0):
 garbage-first heap   total 227328K, used 203344K [0x0000000080000000, 0x0000000100000000)
  region size 1024K, 2 young (2048K), 2 survivors (2048K)
 Metaspace       used 123181K, capacity 127104K, committed 127180K, reserved 1159168K
  class space    used 15473K, capacity 16835K, committed 16896K, reserved 1048576K
}
Event: 1187.606 GC heap before
{Heap before GC invocations=103 (full 0):
 garbage-first heap   total 227328K, used 212560K [0x0000000080000000, 0x0000000100000000)
  region size 1024K, 11 young (11264K), 2 survivors (2048K)
 Metaspace       used 123188K, capacity 127104K, committed 127180K, reserved 1159168K
  class space    used 15473K, capacity 16835K, committed 16896K, reserved 1048576K
}
Event: 1187.618 GC heap after
{Heap after GC invocations=104 (full 0):
 garbage-first heap   total 297984K, used 206461K [0x0000000080000000, 0x0000000100000000)
  region size 1024K, 2 young (2048K), 2 survivors (2048K)
 Metaspace       used 123188K, capacity 127104K, committed 127180K, reserved 1159168K
  class space    used 15473K, capacity 16835K, committed 16896K, reserved 1048576K
}
Event: 1188.073 GC heap before
{Heap before GC invocations=104 (full 0):
 garbage-first heap   total 297984K, used 227965K [0x0000000080000000, 0x0000000100000000)
  region size 1024K, 23 young (23552K), 2 survivors (2048K)
 Metaspace       used 123984K, capacity 127939K, committed 128076K, reserved 1161216K
  class space    used 15555K, capacity 16900K, committed 17024K, reserved 1048576K
}
Event: 1188.093 GC heap after
{Heap after GC invocations=105 (full 0):
 garbage-first heap   total 297984K, used 210806K [0x0000000080000000, 0x0000000100000000)
  region size 1024K, 3 young (3072K), 3 survivors (3072K)
 Metaspace       used 123984K, capacity 127939K, committed 128076K, reserved 1161216K
  class space    used 15555K, capacity 16900K, committed 17024K, reserved 1048576K
}
Event: 1189.056 GC heap before
{Heap before GC invocations=106 (full 0):
 garbage-first heap   total 297984K, used 239478K [0x0000000080000000, 0x0000000100000000)
  region size 1024K, 25 young (25600K), 3 survivors (3072K)
 Metaspace       used 124427K, capacity 128411K, committed 128588K, reserved 1161216K
  class space    used 15596K, capacity 16952K, committed 17024K, reserved 1048576K
}
Event: 1189.073 GC heap after
{Heap after GC invocations=107 (full 0):
 garbage-first heap   total 297984K, used 212984K [0x0000000080000000, 0x0000000100000000)
  region size 1024K, 3 young (3072K), 3 survivors (3072K)
 Metaspace       used 124427K, capacity 128411K, committed 128588K, reserved 1161216K
  class space    used 15596K, capacity 16952K, committed 17024K, reserved 1048576K
}
Event: 1189.256 GC heap before
{Heap before GC invocations=107 (full 0):
 garbage-first heap   total 297984K, used 223224K [0x0000000080000000, 0x0000000100000000)
  region size 1024K, 14 young (14336K), 3 survivors (3072K)
 Metaspace       used 124447K, capacity 128411K, committed 128588K, reserved 1161216K
  class space    used 15596K, capacity 16952K, committed 17024K, reserved 1048576K
}
Event: 1189.288 GC heap after
{Heap after GC invocations=108 (full 0):
 garbage-first heap   total 297984K, used 196118K [0x0000000080000000, 0x0000000100000000)
  region size 1024K, 2 young (2048K), 2 survivors (2048K)
 Metaspace       used 124447K, capacity 128411K, committed 128588K, reserved 1161216K
  class space    used 15596K, capacity 16952K, committed 17024K, reserved 1048576K
}
Event: 1189.911 GC heap before
{Heap before GC invocations=108 (full 0):
 garbage-first heap   total 297984K, used 242198K [0x0000000080000000, 0x0000000100000000)
  region size 1024K, 30 young (30720K), 2 survivors (2048K)
 Metaspace       used 124739K, capacity 128765K, committed 128844K, reserved 1161216K
  class space    used 15616K, capacity 16959K, committed 17024K, reserved 1048576K
}

